<?xml version="1.0" encoding="UTF-8"?>
<testng-results skipped="0" failed="0" total="1" passed="1">
  <reporter-output>
  </reporter-output>
  <suite name="Surefire suite" duration-ms="15" started-at="2020-10-24T09:34:45Z" finished-at="2020-10-24T09:34:45Z">
    <groups>
    </groups>
    <test name="Surefire test" duration-ms="15" started-at="2020-10-24T09:34:45Z" finished-at="2020-10-24T09:34:45Z">
      <class name="QA.MavenProject.AppTest">
        <test-method status="PASS" signature="testApp()[pri:0, instance:testApp(QA.MavenProject.AppTest)]" name="testApp" duration-ms="0" started-at="2020-10-24T15:04:45Z" finished-at="2020-10-24T15:04:45Z">
          <reporter-output>
          </reporter-output>
        </test-method> <!-- testApp -->
      </class> <!-- QA.MavenProject.AppTest -->
    </test> <!-- Surefire test -->
  </suite> <!-- Surefire suite -->
</testng-results>
