<?xml version="1.0" encoding="UTF-8"?>
<testng-results skipped="0" failed="0" total="2" passed="2">
  <reporter-output>
  </reporter-output>
  <suite name="Suite" duration-ms="16" started-at="2020-10-24T09:52:38Z" finished-at="2020-10-24T09:52:38Z">
    <groups>
    </groups>
    <test name="Test" duration-ms="16" started-at="2020-10-24T09:52:38Z" finished-at="2020-10-24T09:52:38Z">
      <class name="QA.MavenProject.SignOutTest">
        <test-method status="PASS" signature="Svalidation1()[pri:0, instance:QA.MavenProject.SignOutTest@366e2eef]" name="Svalidation1" duration-ms="6" started-at="2020-10-24T15:22:38Z" finished-at="2020-10-24T15:22:38Z">
          <reporter-output>
          </reporter-output>
        </test-method> <!-- Svalidation1 -->
        <test-method status="PASS" signature="Svalidation2()[pri:0, instance:QA.MavenProject.SignOutTest@366e2eef]" name="Svalidation2" duration-ms="0" started-at="2020-10-24T15:22:38Z" finished-at="2020-10-24T15:22:38Z">
          <reporter-output>
          </reporter-output>
        </test-method> <!-- Svalidation2 -->
      </class> <!-- QA.MavenProject.SignOutTest -->
    </test> <!-- Test -->
  </suite> <!-- Suite -->
</testng-results>
