<?xml version="1.0" encoding="UTF-8"?>
<testng-results skipped="0" failed="0" total="4" passed="4">
  <reporter-output>
  </reporter-output>
  <suite name="Suite" duration-ms="36" started-at="2020-10-28T07:55:09Z" finished-at="2020-10-28T07:55:09Z">
    <groups>
    </groups>
    <test name="Test" duration-ms="36" started-at="2020-10-28T07:55:09Z" finished-at="2020-10-28T07:55:09Z">
      <class name="QA.MavenProject.SignInTest">
        <test-method status="PASS" signature="validation1()[pri:0, instance:QA.MavenProject.SignInTest@28feb3fa]" name="validation1" duration-ms="1" started-at="2020-10-28T13:25:09Z" finished-at="2020-10-28T13:25:09Z">
          <reporter-output>
          </reporter-output>
        </test-method> <!-- validation1 -->
        <test-method status="PASS" signature="validation2()[pri:0, instance:QA.MavenProject.SignInTest@28feb3fa]" name="validation2" duration-ms="2" started-at="2020-10-28T13:25:09Z" finished-at="2020-10-28T13:25:09Z">
          <reporter-output>
          </reporter-output>
        </test-method> <!-- validation2 -->
      </class> <!-- QA.MavenProject.SignInTest -->
      <class name="QA.MavenProject.SignOutTest">
        <test-method status="PASS" signature="Svalidation1()[pri:0, instance:QA.MavenProject.SignOutTest@2a5ca609]" name="Svalidation1" duration-ms="11" started-at="2020-10-28T13:25:09Z" finished-at="2020-10-28T13:25:09Z">
          <reporter-output>
          </reporter-output>
        </test-method> <!-- Svalidation1 -->
        <test-method status="PASS" signature="Svalidation2()[pri:0, instance:QA.MavenProject.SignOutTest@2a5ca609]" name="Svalidation2" duration-ms="1" started-at="2020-10-28T13:25:09Z" finished-at="2020-10-28T13:25:09Z">
          <reporter-output>
          </reporter-output>
        </test-method> <!-- Svalidation2 -->
      </class> <!-- QA.MavenProject.SignOutTest -->
    </test> <!-- Test -->
  </suite> <!-- Suite -->
</testng-results>
