<?xml version="1.0" encoding="UTF-8"?>
<!-- Generated by org.testng.reporters.JUnitXMLReporter -->
<testsuite hostname="BM5RMKJR2" name="Surefire test" tests="6" failures="0" timestamp="24 Oct 2020 09:34:45 GMT" time="0.041" errors="0">
  <testcase name="Hvalidation1" time="0.006" classname="QA.MavenProject.HomeScreenTest"/>
  <testcase name="Hvalidation2" time="0.0" classname="QA.MavenProject.HomeScreenTest"/>
  <testcase name="validation1" time="0.001" classname="QA.MavenProject.SignInTest"/>
  <testcase name="validation2" time="0.0" classname="QA.MavenProject.SignInTest"/>
  <testcase name="Svalidation1" time="0.0" classname="QA.MavenProject.SignOutTest"/>
  <testcase name="Svalidation2" time="0.0" classname="QA.MavenProject.SignOutTest"/>
</testsuite> <!-- Surefire test -->
